<?xml version="1.0" encoding="UTF-8"?>
<testng-results ignored="0" total="2" passed="2" failed="0" skipped="0">
  <reporter-output>
  </reporter-output>
  <suite started-at="2019-12-16T14:34:19 IST" name="Default suite" finished-at="2019-12-16T14:35:27 IST" duration-ms="68665">
    <groups>
    </groups>
    <test started-at="2019-12-16T14:34:19 IST" name="Default test" finished-at="2019-12-16T14:35:27 IST" duration-ms="68665">
      <class name="frameWork.CommonMethods">
        <test-method signature="launchApplication(java.lang.String, java.lang.String)[pri:0, instance:frameWork.CommonMethods@2ddc8ecb]" started-at="2019-12-16T14:34:19 IST" name="launchApplication" data-provider="browserData" finished-at="2019-12-16T14:35:06 IST" duration-ms="47177" status="PASS">
          <params>
            <param index="0">
              <value>
                <![CDATA[chrome]]>
              </value>
            </param>
            <param index="1">
              <value>
                <![CDATA[http://www.google.com]]>
              </value>
            </param>
          </params>
          <reporter-output>
          </reporter-output>
        </test-method> <!-- launchApplication -->
        <test-method signature="launchApplication(java.lang.String, java.lang.String)[pri:0, instance:frameWork.CommonMethods@2ddc8ecb]" started-at="2019-12-16T14:35:06 IST" name="launchApplication" data-provider="browserData" finished-at="2019-12-16T14:35:27 IST" duration-ms="21363" status="PASS">
          <params>
            <param index="0">
              <value>
                <![CDATA[firefox]]>
              </value>
            </param>
            <param index="1">
              <value>
                <![CDATA[http://www.google.com]]>
              </value>
            </param>
          </params>
          <reporter-output>
          </reporter-output>
        </test-method> <!-- launchApplication -->
      </class> <!-- frameWork.CommonMethods -->
    </test> <!-- Default test -->
  </suite> <!-- Default suite -->
</testng-results>
